<?xml version="1.0" encoding="UTF-8"?>
<!-- Generated by org.testng.reporters.JUnitReportReporter -->
<testsuite skipped="0" hostname="LAPTOP-01I9BJL7" name="com.test.TestAPI" tests="1" failures="0" timestamp="10 Sep 2020 05:44:23 GMT" time="0.013" errors="0">
  <testcase name="testMethod" time="0.013" classname="com.test.TestAPI"/>
</testsuite> <!-- com.test.TestAPI -->
