<?xml version="1.0" encoding="UTF-8"?>
<!-- Generated by org.testng.reporters.JUnitReportReporter -->
<testsuite skipped="0" hostname="LAPTOP-01I9BJL7" name="com.test.TestNoonAPI" tests="2" failures="0" timestamp="10 Sep 2020 07:48:36 GMT" time="6.425" errors="0">
  <testcase name="getRequestToken" time="4.704" classname="com.test.TestNoonAPI"/>
  <testcase name="getUsersTransactionHistory" time="1.721" classname="com.test.TestNoonAPI"/>
</testsuite> <!-- com.test.TestNoonAPI -->
